2024-09-03T12:44:14.123+05:30  INFO 23616 --- [RazorpayPaymentIntegrationApplication] [main] .i.RazorpayPaymentIntegrationApplication : Starting RazorpayPaymentIntegrationApplication using Java 21.0.1 with PID 23616 (C:\Users\dhruv.kweera-tlp\eclipse-workspace\RazorpayPaymentIntegrationApplication\target\classes started by dhruv.kweera-tlp in C:\Users\dhruv.kweera-tlp\eclipse-workspace\RazorpayPaymentIntegrationApplication)
2024-09-03T12:44:14.125+05:30 DEBUG 23616 --- [RazorpayPaymentIntegrationApplication] [main] .i.RazorpayPaymentIntegrationApplication : Running with Spring Boot v3.3.3, Spring v6.1.12
2024-09-03T12:44:14.126+05:30  INFO 23616 --- [RazorpayPaymentIntegrationApplication] [main] .i.RazorpayPaymentIntegrationApplication : No active profile set, falling back to 1 default profile: "default"
2024-09-03T12:44:14.615+05:30  INFO 23616 --- [RazorpayPaymentIntegrationApplication] [main] .s.d.r.c.RepositoryConfigurationDelegate : Bootstrapping Spring Data JPA repositories in DEFAULT mode.
2024-09-03T12:44:14.632+05:30  INFO 23616 --- [RazorpayPaymentIntegrationApplication] [main] .s.d.r.c.RepositoryConfigurationDelegate : Finished Spring Data repository scanning in 10 ms. Found 0 JPA repository interfaces.
2024-09-03T12:44:15.022+05:30  INFO 23616 --- [RazorpayPaymentIntegrationApplication] [main] o.s.b.w.embedded.tomcat.TomcatWebServer  : Tomcat initialized with port 8081 (http)
2024-09-03T12:44:15.035+05:30  INFO 23616 --- [RazorpayPaymentIntegrationApplication] [main] o.apache.catalina.core.StandardService   : Starting service [Tomcat]
2024-09-03T12:44:15.037+05:30  INFO 23616 --- [RazorpayPaymentIntegrationApplication] [main] o.apache.catalina.core.StandardEngine    : Starting Servlet engine: [Apache Tomcat/10.1.28]
2024-09-03T12:44:15.088+05:30  INFO 23616 --- [RazorpayPaymentIntegrationApplication] [main] o.a.c.c.C.[Tomcat].[localhost].[/]       : Initializing Spring embedded WebApplicationContext
2024-09-03T12:44:15.088+05:30  INFO 23616 --- [RazorpayPaymentIntegrationApplication] [main] w.s.c.ServletWebServerApplicationContext : Root WebApplicationContext: initialization completed in 925 ms
2024-09-03T12:44:15.207+05:30  INFO 23616 --- [RazorpayPaymentIntegrationApplication] [main] o.hibernate.jpa.internal.util.LogHelper  : HHH000204: Processing PersistenceUnitInfo [name: default]
2024-09-03T12:44:15.249+05:30  INFO 23616 --- [RazorpayPaymentIntegrationApplication] [main] org.hibernate.Version                    : HHH000412: Hibernate ORM core version 6.5.2.Final
2024-09-03T12:44:15.274+05:30  INFO 23616 --- [RazorpayPaymentIntegrationApplication] [main] o.h.c.internal.RegionFactoryInitiator    : HHH000026: Second-level cache disabled
2024-09-03T12:44:15.522+05:30  INFO 23616 --- [RazorpayPaymentIntegrationApplication] [main] o.s.o.j.p.SpringPersistenceUnitInfo      : No LoadTimeWeaver setup: ignoring JPA class transformer
2024-09-03T12:44:15.544+05:30  INFO 23616 --- [RazorpayPaymentIntegrationApplication] [main] com.zaxxer.hikari.HikariDataSource       : HikariPool-1 - Starting...
2024-09-03T12:44:15.806+05:30  INFO 23616 --- [RazorpayPaymentIntegrationApplication] [main] com.zaxxer.hikari.pool.HikariPool        : HikariPool-1 - Added connection com.mysql.cj.jdbc.ConnectionImpl@305aaedf
2024-09-03T12:44:15.809+05:30  INFO 23616 --- [RazorpayPaymentIntegrationApplication] [main] com.zaxxer.hikari.HikariDataSource       : HikariPool-1 - Start completed.
2024-09-03T12:44:16.116+05:30  INFO 23616 --- [RazorpayPaymentIntegrationApplication] [main] o.h.e.t.j.p.i.JtaPlatformInitiator       : HHH000489: No JTA platform available (set 'hibernate.transaction.jta.platform' to enable JTA platform integration)
2024-09-03T12:44:16.120+05:30  INFO 23616 --- [RazorpayPaymentIntegrationApplication] [main] j.LocalContainerEntityManagerFactoryBean : Initialized JPA EntityManagerFactory for persistence unit 'default'
2024-09-03T12:44:16.158+05:30  WARN 23616 --- [RazorpayPaymentIntegrationApplication] [main] JpaBaseConfiguration$JpaWebConfiguration : spring.jpa.open-in-view is enabled by default. Therefore, database queries may be performed during view rendering. Explicitly configure spring.jpa.open-in-view to disable this warning
2024-09-03T12:44:16.489+05:30  INFO 23616 --- [RazorpayPaymentIntegrationApplication] [main] o.s.b.w.embedded.tomcat.TomcatWebServer  : Tomcat started on port 8081 (http) with context path '/'
2024-09-03T12:44:16.498+05:30  INFO 23616 --- [RazorpayPaymentIntegrationApplication] [main] .i.RazorpayPaymentIntegrationApplication : Started RazorpayPaymentIntegrationApplication in 2.702 seconds (process running for 3.195)
2024-09-03T12:44:33.908+05:30  INFO 23616 --- [RazorpayPaymentIntegrationApplication] [http-nio-8081-exec-1] o.a.c.c.C.[Tomcat].[localhost].[/]       : Initializing Spring DispatcherServlet 'dispatcherServlet'
2024-09-03T12:44:33.909+05:30  INFO 23616 --- [RazorpayPaymentIntegrationApplication] [http-nio-8081-exec-1] o.s.web.servlet.DispatcherServlet        : Initializing Servlet 'dispatcherServlet'
2024-09-03T12:44:33.910+05:30  INFO 23616 --- [RazorpayPaymentIntegrationApplication] [http-nio-8081-exec-1] o.s.web.servlet.DispatcherServlet        : Completed initialization in 1 ms
2024-09-03T12:58:22.048+05:30  INFO 23616 --- [RazorpayPaymentIntegrationApplication] [RMI TCP Connection(17)-127.0.0.1] inMXBeanRegistrar$SpringApplicationAdmin : Application shutdown requested.
2024-09-03T12:58:22.066+05:30  INFO 23616 --- [RazorpayPaymentIntegrationApplication] [RMI TCP Connection(17)-127.0.0.1] j.LocalContainerEntityManagerFactoryBean : Closing JPA EntityManagerFactory for persistence unit 'default'
2024-09-03T12:58:22.068+05:30  INFO 23616 --- [RazorpayPaymentIntegrationApplication] [RMI TCP Connection(17)-127.0.0.1] com.zaxxer.hikari.HikariDataSource       : HikariPool-1 - Shutdown initiated...
2024-09-03T12:58:22.075+05:30  INFO 23616 --- [RazorpayPaymentIntegrationApplication] [RMI TCP Connection(17)-127.0.0.1] com.zaxxer.hikari.HikariDataSource       : HikariPool-1 - Shutdown completed.
2024-09-03T12:58:24.044+05:30  INFO 25148 --- [RazorpayPaymentIntegrationApplication] [main] .i.RazorpayPaymentIntegrationApplication : Starting RazorpayPaymentIntegrationApplication using Java 21.0.1 with PID 25148 (C:\Users\dhruv.kweera-tlp\eclipse-workspace\RazorpayPaymentIntegrationApplication\target\classes started by dhruv.kweera-tlp in C:\Users\dhruv.kweera-tlp\eclipse-workspace\RazorpayPaymentIntegrationApplication)
2024-09-03T12:58:24.046+05:30 DEBUG 25148 --- [RazorpayPaymentIntegrationApplication] [main] .i.RazorpayPaymentIntegrationApplication : Running with Spring Boot v3.3.3, Spring v6.1.12
2024-09-03T12:58:24.047+05:30  INFO 25148 --- [RazorpayPaymentIntegrationApplication] [main] .i.RazorpayPaymentIntegrationApplication : No active profile set, falling back to 1 default profile: "default"
2024-09-03T12:58:24.518+05:30  INFO 25148 --- [RazorpayPaymentIntegrationApplication] [main] .s.d.r.c.RepositoryConfigurationDelegate : Bootstrapping Spring Data JPA repositories in DEFAULT mode.
2024-09-03T12:58:24.535+05:30  INFO 25148 --- [RazorpayPaymentIntegrationApplication] [main] .s.d.r.c.RepositoryConfigurationDelegate : Finished Spring Data repository scanning in 10 ms. Found 0 JPA repository interfaces.
2024-09-03T12:58:24.926+05:30  INFO 25148 --- [RazorpayPaymentIntegrationApplication] [main] o.s.b.w.embedded.tomcat.TomcatWebServer  : Tomcat initialized with port 8081 (http)
2024-09-03T12:58:24.939+05:30  INFO 25148 --- [RazorpayPaymentIntegrationApplication] [main] o.apache.catalina.core.StandardService   : Starting service [Tomcat]
2024-09-03T12:58:24.939+05:30  INFO 25148 --- [RazorpayPaymentIntegrationApplication] [main] o.apache.catalina.core.StandardEngine    : Starting Servlet engine: [Apache Tomcat/10.1.28]
2024-09-03T12:58:24.990+05:30  INFO 25148 --- [RazorpayPaymentIntegrationApplication] [main] o.a.c.c.C.[Tomcat].[localhost].[/]       : Initializing Spring embedded WebApplicationContext
2024-09-03T12:58:24.990+05:30  INFO 25148 --- [RazorpayPaymentIntegrationApplication] [main] w.s.c.ServletWebServerApplicationContext : Root WebApplicationContext: initialization completed in 908 ms
2024-09-03T12:58:25.105+05:30  INFO 25148 --- [RazorpayPaymentIntegrationApplication] [main] o.hibernate.jpa.internal.util.LogHelper  : HHH000204: Processing PersistenceUnitInfo [name: default]
2024-09-03T12:58:25.146+05:30  INFO 25148 --- [RazorpayPaymentIntegrationApplication] [main] org.hibernate.Version                    : HHH000412: Hibernate ORM core version 6.5.2.Final
2024-09-03T12:58:25.174+05:30  INFO 25148 --- [RazorpayPaymentIntegrationApplication] [main] o.h.c.internal.RegionFactoryInitiator    : HHH000026: Second-level cache disabled
2024-09-03T12:58:25.420+05:30  INFO 25148 --- [RazorpayPaymentIntegrationApplication] [main] o.s.o.j.p.SpringPersistenceUnitInfo      : No LoadTimeWeaver setup: ignoring JPA class transformer
2024-09-03T12:58:25.446+05:30  INFO 25148 --- [RazorpayPaymentIntegrationApplication] [main] com.zaxxer.hikari.HikariDataSource       : HikariPool-1 - Starting...
2024-09-03T12:58:25.701+05:30  INFO 25148 --- [RazorpayPaymentIntegrationApplication] [main] com.zaxxer.hikari.pool.HikariPool        : HikariPool-1 - Added connection com.mysql.cj.jdbc.ConnectionImpl@4de91056
2024-09-03T12:58:25.703+05:30  INFO 25148 --- [RazorpayPaymentIntegrationApplication] [main] com.zaxxer.hikari.HikariDataSource       : HikariPool-1 - Start completed.
2024-09-03T12:58:26.023+05:30  INFO 25148 --- [RazorpayPaymentIntegrationApplication] [main] o.h.e.t.j.p.i.JtaPlatformInitiator       : HHH000489: No JTA platform available (set 'hibernate.transaction.jta.platform' to enable JTA platform integration)
2024-09-03T12:58:26.027+05:30  INFO 25148 --- [RazorpayPaymentIntegrationApplication] [main] j.LocalContainerEntityManagerFactoryBean : Initialized JPA EntityManagerFactory for persistence unit 'default'
2024-09-03T12:58:26.076+05:30  WARN 25148 --- [RazorpayPaymentIntegrationApplication] [main] JpaBaseConfiguration$JpaWebConfiguration : spring.jpa.open-in-view is enabled by default. Therefore, database queries may be performed during view rendering. Explicitly configure spring.jpa.open-in-view to disable this warning
2024-09-03T12:58:26.400+05:30  INFO 25148 --- [RazorpayPaymentIntegrationApplication] [main] o.s.b.w.embedded.tomcat.TomcatWebServer  : Tomcat started on port 8081 (http) with context path '/'
2024-09-03T12:58:26.407+05:30  INFO 25148 --- [RazorpayPaymentIntegrationApplication] [main] .i.RazorpayPaymentIntegrationApplication : Started RazorpayPaymentIntegrationApplication in 2.682 seconds (process running for 3.16)
2024-09-03T12:58:33.607+05:30  INFO 25148 --- [RazorpayPaymentIntegrationApplication] [http-nio-8081-exec-3] o.a.c.c.C.[Tomcat].[localhost].[/]       : Initializing Spring DispatcherServlet 'dispatcherServlet'
2024-09-03T12:58:33.608+05:30  INFO 25148 --- [RazorpayPaymentIntegrationApplication] [http-nio-8081-exec-3] o.s.web.servlet.DispatcherServlet        : Initializing Servlet 'dispatcherServlet'
2024-09-03T12:58:33.609+05:30  INFO 25148 --- [RazorpayPaymentIntegrationApplication] [http-nio-8081-exec-3] o.s.web.servlet.DispatcherServlet        : Completed initialization in 1 ms
2024-09-03T14:52:54.844+05:30  INFO 25148 --- [RazorpayPaymentIntegrationApplication] [RMI TCP Connection(118)-127.0.0.1] inMXBeanRegistrar$SpringApplicationAdmin : Application shutdown requested.
2024-09-03T14:52:54.863+05:30  INFO 25148 --- [RazorpayPaymentIntegrationApplication] [RMI TCP Connection(118)-127.0.0.1] j.LocalContainerEntityManagerFactoryBean : Closing JPA EntityManagerFactory for persistence unit 'default'
2024-09-03T14:52:54.865+05:30  INFO 25148 --- [RazorpayPaymentIntegrationApplication] [RMI TCP Connection(118)-127.0.0.1] com.zaxxer.hikari.HikariDataSource       : HikariPool-1 - Shutdown initiated...
2024-09-03T14:52:54.869+05:30  INFO 25148 --- [RazorpayPaymentIntegrationApplication] [RMI TCP Connection(118)-127.0.0.1] com.zaxxer.hikari.HikariDataSource       : HikariPool-1 - Shutdown completed.
